<?xml version="1.0" encoding="UTF-8" ?>
<testsuite errors="0" failures="0" hostname="Andrews-Air-M2" name="ant.MoneyTest" skipped="0" tests="2" time="0.087" timestamp="2023-02-22T15:24:54">
  <properties>
[...]
</properties>
  <testcase classname="ant.MoneyTest" name="adding_same_currency_return_amount_added_up" time="0.017" />
  <testcase classname="ant.MoneyTest" name="same_currency_n_amount_is_equal" time="0.0" />
  <system-out><![CDATA[]]></system-out>
  <system-err><![CDATA[]]></system-err>
</testsuite>
